00:32:10 **** Incremental Build of configuration Debug for project DIO ****
make all 
'Building file: ../main.c'
'Invoking: AVR Compiler'
avr-gcc -Wall -g3 -gdwarf-2 -O0 -fpack-struct -fshort-enums -ffunction-sections -fdata-sections -std=gnu99 -funsigned-char -funsigned-bitfields -mmcu=atmega32 -DF_CPU=16000000UL -MMD -MP -MF"main.d" -MT"main.o" -c -o "main.o" "../main.c"
In file included from ../main.c:7:
d:/courses/embedded systems/amit/eclipse/winavr-20100110/lib/gcc/../../avr/include/avr/delay.h:36:2: warning: #warning "This file has been moved to <util/delay.h>."
In file included from d:/courses/embedded systems/amit/eclipse/winavr-20100110/lib/gcc/../../avr/include/avr/delay.h:37,
                 from ../main.c:7:
d:/courses/embedded systems/amit/eclipse/winavr-20100110/lib/gcc/../../avr/include/util/delay.h:90:3: warning: #warning "Compiler optimizations disabled; functions from <util/delay.h> won't work as designed"
'Finished building: ../main.c'
' '
'Building target: DIO.elf'
'Invoking: AVR C Linker'
avr-gcc -Wl,-Map,DIO.map -mmcu=atmega32 -o "DIO.elf"  ./DIO_Program.o ./main.o   
'Finished building target: DIO.elf'
' '
'Invoking: AVR Create Extended Listing'
avr-objdump -h -S DIO.elf  >"DIO.lss"
'Finished building: DIO.lss'
' '
'Create Flash image (ihex format)'
avr-objcopy -R .eeprom -R .fuse -R .lock -R .signature -O ihex DIO.elf  "DIO.hex"
'Finished building: DIO.hex'
' '
'Invoking: Print Size'
avr-size --format=avr --mcu=atmega32 DIO.elf
AVR Memory Usage
----------------
Device: atmega32

Program:    5518 bytes (16.8% Full)
(.text + .data + .bootloader)

Data:          8 bytes (0.4% Full)
(.data + .bss + .noinit)


'Finished building: sizedummy'
' '

00:32:10 Build Finished. 0 errors, 2 warnings. (took 757ms)

